<?xml version="1.0" encoding="UTF-8"?>
<!-- Generated by org.testng.reporters.JUnitXMLReporter -->
<testsuite hostname="Dell-PC" ignored="0" name="IE" tests="12" failures="0" timestamp="01 Aug 2020 16:33:16 GMT" time="0.029" errors="0">
  <testcase name="@BeforeTest OpenBrowser" time="0.001" classname="Utility.Setup">
    <failure type="java.lang.NullPointerException">
      <![CDATA[java.lang.NullPointerException
at Utility.Setup.OpenBrowser(Setup.java:58)
at java.util.concurrent.FutureTask.run(FutureTask.java:266)
at java.util.concurrent.ThreadPoolExecutor.runWorker(ThreadPoolExecutor.java:1149)
at java.util.concurrent.ThreadPoolExecutor$Worker.run(ThreadPoolExecutor.java:624)
at java.lang.Thread.run(Thread.java:748)
... Removed 15 stack frames]]>
    </failure>
  </testcase> <!-- @BeforeTest OpenBrowser -->
  <testcase name="m1" time="0.0" classname="Test1.SmokeTest">
    <skipped/>
  </testcase> <!-- m1 -->
  <testcase name="m2" time="0.0" classname="Test1.SmokeTest">
    <skipped/>
  </testcase> <!-- m2 -->
  <testcase name="m3" time="0.0" classname="Test1.SmokeTest">
    <skipped/>
  </testcase> <!-- m3 -->
  <testcase name="m4" time="0.0" classname="Test1.SmokeTest">
    <skipped/>
  </testcase> <!-- m4 -->
  <testcase name="m1" time="0.0" classname="Test1.SanityTest">
    <skipped/>
  </testcase> <!-- m1 -->
  <testcase name="m2" time="0.0" classname="Test1.SanityTest">
    <skipped/>
  </testcase> <!-- m2 -->
  <testcase name="m3" time="0.0" classname="Test1.SanityTest">
    <skipped/>
  </testcase> <!-- m3 -->
  <testcase name="m4" time="0.0" classname="Test1.SanityTest">
    <skipped/>
  </testcase> <!-- m4 -->
  <testcase name="m1" time="0.0" classname="Test1.RegressionTest">
    <skipped/>
  </testcase> <!-- m1 -->
  <testcase name="m2" time="0.0" classname="Test1.RegressionTest">
    <skipped/>
  </testcase> <!-- m2 -->
  <testcase name="m3" time="0.0" classname="Test1.RegressionTest">
    <skipped/>
  </testcase> <!-- m3 -->
  <testcase name="m4" time="0.0" classname="Test1.RegressionTest">
    <skipped/>
  </testcase> <!-- m4 -->
</testsuite> <!-- IE -->
