<?xml version="1.0" encoding="UTF-8"?>
<!-- Generated by org.testng.reporters.JUnitXMLReporter -->
<testsuite hostname="Dell-PC" ignored="0" name="InternateExplorer" tests="12" failures="0" timestamp="02 Aug 2020 06:21:39 GMT" time="2.319" errors="0">
  <testcase name="m1" time="0.001" classname="Test1.SmokeTest"/>
  <testcase name="m2" time="0.001" classname="Test1.SmokeTest"/>
  <testcase name="m3" time="0.0" classname="Test1.SmokeTest"/>
  <testcase name="m4" time="0.002" classname="Test1.SmokeTest"/>
  <testcase name="m1" time="0.001" classname="Test1.SanityTest"/>
  <testcase name="m2" time="0.0" classname="Test1.SanityTest"/>
  <testcase name="m3" time="0.001" classname="Test1.SanityTest"/>
  <testcase name="m4" time="0.001" classname="Test1.SanityTest"/>
  <testcase name="m1" time="0.001" classname="Test1.RegressionTest"/>
  <testcase name="m2" time="0.001" classname="Test1.RegressionTest"/>
  <testcase name="m3" time="0.001" classname="Test1.RegressionTest"/>
  <testcase name="m4" time="0.001" classname="Test1.RegressionTest"/>
</testsuite> <!-- InternateExplorer -->
