<?xml version="1.0" encoding="UTF-8"?>
<!-- Generated by org.testng.reporters.JUnitXMLReporter -->
<testsuite hostname="Dell-PC" ignored="0" name="Test" tests="9" failures="0" timestamp="01 Aug 2020 06:44:41 GMT" time="5.145" errors="0">
  <testcase name="m1" time="0.008" classname="Test1.SmokeTest"/>
  <testcase name="m1" time="0.001" classname="Test1.SanityTest"/>
  <testcase name="m2" time="0.005" classname="Test1.SanityTest"/>
  <testcase name="m3" time="0.001" classname="Test1.SanityTest"/>
  <testcase name="m4" time="0.002" classname="Test1.SanityTest"/>
  <testcase name="m1" time="0.002" classname="Test1.RegressionTest"/>
  <testcase name="m2" time="0.003" classname="Test1.RegressionTest"/>
  <testcase name="m3" time="0.003" classname="Test1.RegressionTest"/>
  <testcase name="m4" time="0.003" classname="Test1.RegressionTest"/>
</testsuite> <!-- Test -->
